2025-06-03T07:08:50.631Z - Page unload
2025-06-03T07:08:52.365Z - Proctoring started
2025-06-03T07:08:53.614Z - background-noise: rms=4.64
2025-06-03T07:08:54.612Z - background-noise: rms=8.01
2025-06-03T07:08:55.613Z - background-noise: rms=11.86
2025-06-03T07:08:56.609Z - background-noise: rms=9.28
2025-06-03T07:08:57.612Z - background-noise: rms=4.86
20250603_123858 - ALERT: Non-silent audio detected (volume=1343.517375)
2025-06-03T07:09:00.610Z - background-noise: rms=8.87
20250603_123903 - ALERT: Non-silent audio detected (volume=1162.6940208333333)
2025-06-03T07:09:07.451Z - Tab switch / window out of focus
2025-06-03T07:09:07.961Z - background-noise: rms=6.50
2025-06-03T07:09:08.968Z - background-noise: rms=6.63
2025-06-03T07:09:10.963Z - background-noise: rms=7.14
2025-06-03T07:09:11.962Z - background-noise: rms=6.60
2025-06-03T07:09:14.966Z - background-noise: rms=21.39
20250603_123914 - ALERT: Non-silent audio detected (volume=1089.9753682659932)
2025-06-03T07:09:21.955Z - background-noise: rms=4.20
2025-06-03T07:09:23.962Z - background-noise: rms=9.72
2025-06-03T07:09:24.957Z - background-noise: rms=5.47
20250603_123925 - ALERT: Non-silent audio detected (volume=1089.722443181818)
2025-06-03T07:09:27.956Z - background-noise: rms=12.55
20250603_123924 - INFO: Saved first image as reference.jpg
20250603_123931 - ALERT: Non-silent audio detected (volume=831.7704650673401)
2025-06-03T07:09:36.968Z - background-noise: rms=7.62
20250603_123954 - OK: Face matched with reference in snapshot_20250603_123954.jpg
2025-06-03T07:09:57.966Z - Window focused
2025-06-03T07:09:59.127Z - Exited fullscreen - forcing back
2025-06-03T07:10:00.294Z - Blocked key: Escape
2025-06-03T07:10:00.544Z - Blocked key: Escape
2025-06-03T07:10:00.719Z - Blocked key: Escape
2025-06-03T07:10:01.504Z - Blocked key: F11
2025-06-03T07:10:01.821Z - Blocked key: Escape
2025-06-03T07:10:02.178Z - Blocked key: F11
2025-06-03T07:10:03.986Z - Tab switch / window out of focus
2025-06-03T07:10:05.030Z - Page unload
2025-06-03T07:10:10.756Z - Tab switch / window out of focus
2025-06-03T07:10:11.425Z - Window focused
2025-06-03T07:10:12.604Z - Proctoring started
2025-06-03T07:10:13.978Z - background-noise: rms=6.31
2025-06-03T07:10:14.974Z - background-noise: rms=6.05
2025-06-03T07:10:15.496Z - Exited fullscreen - forcing back
2025-06-03T07:10:15.497Z - Tab switch / window out of focus
2025-06-03T07:10:16.957Z - background-noise: rms=5.74
2025-06-03T07:10:17.435Z - Window focused
2025-06-03T07:10:18.101Z - Tab switch / window out of focus
2025-06-03T07:10:19.956Z - background-noise: rms=4.99
20250603_124020 - ALERT: Non-silent audio detected (volume=904.1077884615385)
2025-06-03T07:10:21.956Z - background-noise: rms=7.93
2025-06-03T07:10:25.957Z - background-noise: rms=8.02
2025-06-03T07:10:27.959Z - background-noise: rms=5.24
20250603_124030 - ALERT: Non-silent audio detected (volume=615.5677451599327)
2025-06-03T07:10:33.957Z - background-noise: rms=4.96
